<?xml version="1.0" encoding="UTF-8"?>
<!-- Generated by org.testng.reporters.JUnitXMLReporter -->
<testsuite ignored="8" hostname="LAPTOP-T1V1CBN5" failures="0" tests="1" name="Default test" time="17.725" errors="0" timestamp="2025-01-11T00:29:06 AST">
  <testcase classname="RaneemTestCase.MainTestCaseAutomationLab" name="Element_Displayed_Example" time="4.3"/>
  <testcase classname="RaneemTestCase.MainTestCaseAutomationLab" name="Web_Table_Example" time="0.0">
    <ignored/>
  </testcase> <!-- Web_Table_Example -->
  <testcase classname="RaneemTestCase.MainTestCaseAutomationLab" name="Checkbox_Example" time="0.0">
    <ignored/>
  </testcase> <!-- Checkbox_Example -->
  <testcase classname="RaneemTestCase.MainTestCaseAutomationLab" name="Switch_To_Alert_Example" time="0.0">
    <ignored/>
  </testcase> <!-- Switch_To_Alert_Example -->
  <testcase classname="RaneemTestCase.MainTestCaseAutomationLab" name="Switch_Window_Example" time="0.0">
    <ignored/>
  </testcase> <!-- Switch_Window_Example -->
  <testcase classname="RaneemTestCase.MainTestCaseAutomationLab" name="Dynamic_Dropdown_Example" time="0.0">
    <ignored/>
  </testcase> <!-- Dynamic_Dropdown_Example -->
  <testcase classname="RaneemTestCase.MainTestCaseAutomationLab" name="Radio_Button_Example" time="0.0">
    <ignored/>
  </testcase> <!-- Radio_Button_Example -->
  <testcase classname="RaneemTestCase.MainTestCaseAutomationLab" name="Static_Dropdown_Example" time="0.0">
    <ignored/>
  </testcase> <!-- Static_Dropdown_Example -->
  <testcase classname="RaneemTestCase.MainTestCaseAutomationLab" name="Switch_Tab_Example" time="0.0">
    <ignored/>
  </testcase> <!-- Switch_Tab_Example -->
</testsuite> <!-- Default test -->
